Determining if the pthread_create exist failed with the following output:
Change Dir: /home/localguest/Documents/Neurone/build/CMakeFiles/CMakeTmp

Run Build Command:"/usr/bin/make" "cmTryCompileExec3570719941/fast"
/usr/bin/make -f CMakeFiles/cmTryCompileExec3570719941.dir/build.make CMakeFiles/cmTryCompileExec3570719941.dir/build
make[1]: Entering directory `/home/localguest/Documents/Neurone/build/CMakeFiles/CMakeTmp'
/usr/local/bin/cmake -E cmake_progress_report /home/localguest/Documents/Neurone/build/CMakeFiles/CMakeTmp/CMakeFiles 1
Building C object CMakeFiles/cmTryCompileExec3570719941.dir/CheckSymbolExists.c.o
/usr/bin/cc    -o CMakeFiles/cmTryCompileExec3570719941.dir/CheckSymbolExists.c.o   -c /home/localguest/Documents/Neurone/build/CMakeFiles/CMakeTmp/CheckSymbolExists.c
Linking C executable cmTryCompileExec3570719941
/usr/local/bin/cmake -E cmake_link_script CMakeFiles/cmTryCompileExec3570719941.dir/link.txt --verbose=1
/usr/bin/cc       CMakeFiles/cmTryCompileExec3570719941.dir/CheckSymbolExists.c.o  -o cmTryCompileExec3570719941 -rdynamic 
CMakeFiles/cmTryCompileExec3570719941.dir/CheckSymbolExists.c.o: In function `main':
CheckSymbolExists.c:(.text+0x16): undefined reference to `pthread_create'
collect2: error: ld returned 1 exit status
make[1]: Leaving directory `/home/localguest/Documents/Neurone/build/CMakeFiles/CMakeTmp'
make[1]: *** [cmTryCompileExec3570719941] Error 1
make: *** [cmTryCompileExec3570719941/fast] Error 2

File /home/localguest/Documents/Neurone/build/CMakeFiles/CMakeTmp/CheckSymbolExists.c:
/* */
#include <pthread.h>

int main(int argc, char** argv)
{
  (void)argv;
#ifndef pthread_create
  return ((int*)(&pthread_create))[argc];
#else
  (void)argc;
  return 0;
#endif
}

